#
# There is insufficient memory for the Java Runtime Environment to continue.
# Native memory allocation (malloc) failed to allocate 457200 bytes for Chunk::new
# Possible reasons:
#   The system is out of physical RAM or swap space
#   In 32 bit mode, the process size limit was hit
# Possible solutions:
#   Reduce memory load on the system
#   Increase physical memory or swap space
#   Check if swap backing store is full
#   Use 64 bit Java on a 64 bit OS
#   Decrease Java heap size (-Xmx/-Xms)
#   Decrease number of Java threads
#   Decrease Java thread stack sizes (-Xss)
#   Set larger code cache with -XX:ReservedCodeCacheSize=
# This output file may be truncated or incomplete.
#
#  Out of Memory Error (allocation.cpp:390), pid=14592, tid=0x000000000000300c
#
# JRE version: OpenJDK Runtime Environment (8.0) (build 1.8.0-adoptopenjdk-_2018_05_19_00_59-b00)
# Java VM: OpenJDK 64-Bit Server VM (25.71-b00 mixed mode windows-amd64 compressed oops)
# Failed to write core dump. Minidumps are not enabled by default on client versions of Windows
#

---------------  T H R E A D  ---------------

Current thread (0x0000000017181800):  JavaThread "C2 CompilerThread1" daemon [_thread_in_native, id=12300, stack(0x00000000188e0000,0x00000000189e0000)]

Stack: [0x00000000188e0000,0x00000000189e0000]
[error occurred during error reporting (printing stack bounds), id 0xc0000005]

Native frames: (J=compiled Java code, j=interpreted, Vv=VM code, C=native code)


Current CompileTask:
C2:   3623 1958       4       com.sun.org.apache.xerces.internal.impl.XMLEntityScanner::scanQName (502 bytes)


---------------  P R O C E S S  ---------------

Java Threads: ( => current thread )
  0x0000000019664800 JavaThread "Keep-Alive-Timer" daemon [_thread_blocked, id=9512, stack(0x0000000019e20000,0x0000000019f20000)]
  0x0000000018b1b800 JavaThread "Service Thread" daemon [_thread_blocked, id=16432, stack(0x0000000018ee0000,0x0000000018fe0000)]
  0x000000001718d800 JavaThread "C1 CompilerThread2" daemon [_thread_blocked, id=18212, stack(0x00000000189e0000,0x0000000018ae0000)]
=>0x0000000017181800 JavaThread "C2 CompilerThread1" daemon [_thread_in_native, id=12300, stack(0x00000000188e0000,0x00000000189e0000)]
  0x000000001717e800 JavaThread "C2 CompilerThread0" daemon [_thread_blocked, id=6824, stack(0x00000000187e0000,0x00000000188e0000)]
  0x000000001717d000 JavaThread "Attach Listener" daemon [_thread_blocked, id=13016, stack(0x00000000186e0000,0x00000000187e0000)]
  0x000000001717b000 JavaThread "Signal Dispatcher" daemon [_thread_blocked, id=16472, stack(0x00000000185e0000,0x00000000186e0000)]
  0x000000001715e000 JavaThread "Finalizer" daemon [_thread_blocked, id=4300, stack(0x00000000183d0000,0x00000000184d0000)]
  0x0000000002598000 JavaThread "Reference Handler" daemon [_thread_blocked, id=7468, stack(0x00000000182d0000,0x00000000183d0000)]
  0x00000000024a4800 JavaThread "main" [_thread_in_native, id=13504, stack(0x00000000022e0000,0x00000000023e0000)]

Other Threads:
  0x0000000017134800 VMThread [stack: 0x00000000181d0000,0x00000000182d0000] [id=17048]
  0x00000000171ce800 WatcherThread [stack: 0x0000000018fe0000,0x00000000190e0000] [id=11624]

VM state:not at safepoint (normal execution)

VM Mutex/Monitor currently owned by a thread: None

Heap:
 PSYoungGen      total 38400K, used 25417K [0x00000000d5800000, 0x00000000d8280000, 0x0000000100000000)
  eden space 33280K, 76% used [0x00000000d5800000,0x00000000d70d27a0,0x00000000d7880000)
  from space 5120K, 0% used [0x00000000d7880000,0x00000000d7880000,0x00000000d7d80000)
  to   space 5120K, 0% used [0x00000000d7d80000,0x00000000d7d80000,0x00000000d8280000)
 ParOldGen       total 60928K, used 4628K [0x0000000080800000, 0x0000000084380000, 0x00000000d5800000)
  object space 60928K, 7% used [0x0000000080800000,0x0000000080c85010,0x0000000084380000)
 Metaspace       used 17154K, capacity 17560K, committed 17792K, reserved 1067008K
  class space    used 1977K, capacity 2100K, committed 2176K, reserved 1048576K

Card table byte_map: [0x0000000011960000,0x0000000011d60000] byte_map_base: 0x000000001155c000

Marking Bits: (ParMarkBitMap*) 0x0000000053f7be50
 Begin Bits: [0x0000000012410000, 0x00000000143f0000)
 End Bits:   [0x00000000143f0000, 0x00000000163d0000)

Polling page: 0x0000000000840000

CodeCache: size=245760Kb used=6911Kb max_used=6925Kb free=238848Kb
 bounds [0x00000000025a0000, 0x0000000002c70000, 0x00000000115a0000]
 total_blobs=2410 nmethods=1987 adapters=335
 compilation: enabled

Compilation events (10 events):
Event: 3.597 Thread 0x000000001717e800 1959       4       com.sun.org.apache.xerces.internal.impl.XMLEntityScanner::skipSpaces (350 bytes)
Event: 3.601 Thread 0x000000001717e800 nmethod 1959 0x0000000002c5cd10 code [0x0000000002c5cea0, 0x0000000002c5d2a8]
Event: 3.601 Thread 0x000000001717e800 1894       4       java.lang.ThreadLocal$ThreadLocalMap::remove (68 bytes)
Event: 3.605 Thread 0x000000001717e800 nmethod 1894 0x0000000002c5c310 code [0x0000000002c5c480, 0x0000000002c5c8b8]
Event: 3.605 Thread 0x000000001717e800 1962       4       java.lang.AbstractStringBuilder::append (40 bytes)
Event: 3.608 Thread 0x000000001717e800 nmethod 1962 0x0000000002c65090 code [0x0000000002c651e0, 0x0000000002c65618]
Event: 3.608 Thread 0x000000001717e800 1947       4       com.sun.org.apache.xerces.internal.utils.XMLLimitAnalyzer::addValue (260 bytes)
Event: 3.620 Thread 0x000000001717e800 nmethod 1947 0x0000000002c5d950 code [0x0000000002c5db40, 0x0000000002c5e808]
Event: 3.621 Thread 0x000000001717e800 1860       4       java.util.regex.Pattern::skip (23 bytes)
Event: 3.621 Thread 0x000000001717e800 nmethod 1860 0x0000000002c5c090 code [0x0000000002c5c1c0, 0x0000000002c5c278]

GC Heap History (4 events):
Event: 1.680 GC heap before
{Heap before GC invocations=1 (full 0):
 PSYoungGen      total 38400K, used 24210K [0x00000000d5800000, 0x00000000d8280000, 0x0000000100000000)
  eden space 33280K, 72% used [0x00000000d5800000,0x00000000d6fa4b88,0x00000000d7880000)
  from space 5120K, 0% used [0x00000000d7d80000,0x00000000d7d80000,0x00000000d8280000)
  to   space 5120K, 0% used [0x00000000d7880000,0x00000000d7880000,0x00000000d7d80000)
 ParOldGen       total 87552K, used 0K [0x0000000080800000, 0x0000000085d80000, 0x00000000d5800000)
  object space 87552K, 0% used [0x0000000080800000,0x0000000080800000,0x0000000085d80000)
 Metaspace       used 9986K, capacity 10184K, committed 10240K, reserved 1062912K
  class space    used 1160K, capacity 1254K, committed 1280K, reserved 1048576K
Event: 1.686 GC heap after
Heap after GC invocations=1 (full 0):
 PSYoungGen      total 38400K, used 4815K [0x00000000d5800000, 0x00000000d8280000, 0x0000000100000000)
  eden space 33280K, 0% used [0x00000000d5800000,0x00000000d5800000,0x00000000d7880000)
  from space 5120K, 94% used [0x00000000d7880000,0x00000000d7d33d08,0x00000000d7d80000)
  to   space 5120K, 0% used [0x00000000d7d80000,0x00000000d7d80000,0x00000000d8280000)
 ParOldGen       total 87552K, used 16K [0x0000000080800000, 0x0000000085d80000, 0x00000000d5800000)
  object space 87552K, 0% used [0x0000000080800000,0x0000000080804000,0x0000000085d80000)
 Metaspace       used 9986K, capacity 10184K, committed 10240K, reserved 1062912K
  class space    used 1160K, capacity 1254K, committed 1280K, reserved 1048576K
}
Event: 1.686 GC heap before
{Heap before GC invocations=2 (full 1):
 PSYoungGen      total 38400K, used 4815K [0x00000000d5800000, 0x00000000d8280000, 0x0000000100000000)
  eden space 33280K, 0% used [0x00000000d5800000,0x00000000d5800000,0x00000000d7880000)
  from space 5120K, 94% used [0x00000000d7880000,0x00000000d7d33d08,0x00000000d7d80000)
  to   space 5120K, 0% used [0x00000000d7d80000,0x00000000d7d80000,0x00000000d8280000)
 ParOldGen       total 87552K, used 16K [0x0000000080800000, 0x0000000085d80000, 0x00000000d5800000)
  object space 87552K, 0% used [0x0000000080800000,0x0000000080804000,0x0000000085d80000)
 Metaspace       used 9986K, capacity 10184K, committed 10240K, reserved 1062912K
  class space    used 1160K, capacity 1254K, committed 1280K, reserved 1048576K
Event: 1.699 GC heap after
Heap after GC invocations=2 (full 1):
 PSYoungGen      total 38400K, used 0K [0x00000000d5800000, 0x00000000d8280000, 0x0000000100000000)
  eden space 33280K, 0% used [0x00000000d5800000,0x00000000d5800000,0x00000000d7880000)
  from space 5120K, 0% used [0x00000000d7880000,0x00000000d7880000,0x00000000d7d80000)
  to   space 5120K, 0% used [0x00000000d7d80000,0x00000000d7d80000,0x00000000d8280000)
 ParOldGen       total 60928K, used 4628K [0x0000000080800000, 0x0000000084380000, 0x00000000d5800000)
  object space 60928K, 7% used [0x0000000080800000,0x0000000080c85010,0x0000000084380000)
 Metaspace       used 9986K, capacity 10184K, committed 10240K, reserved 1060864K
  class space    used 1160K, capacity 1254K, committed 1280K, reserved 1048576K
}

Deoptimization events (10 events):
Event: 2.959 Thread 0x00000000024a4800 Uncommon trap: reason=class_check action=maybe_recompile pc=0x00000000029e93b8 method=java.io.DataInputStream.readFully([BII)V @ 34
Event: 2.959 Thread 0x00000000024a4800 Uncommon trap: reason=class_check action=maybe_recompile pc=0x00000000029e93b8 method=java.io.DataInputStream.readFully([BII)V @ 34
Event: 3.037 Thread 0x00000000024a4800 Uncommon trap: reason=unstable_if action=reinterpret pc=0x0000000002815ac0 method=java.lang.AbstractStringBuilder.append(Ljava/lang/String;)Ljava/lang/AbstractStringBuilder; @ 1
Event: 3.320 Thread 0x00000000024a4800 Uncommon trap: reason=unstable_if action=reinterpret pc=0x00000000027d5dfc method=java.lang.AbstractStringBuilder.append(Ljava/lang/String;)Ljava/lang/AbstractStringBuilder; @ 1
Event: 3.351 Thread 0x00000000024a4800 Uncommon trap: reason=unstable_if action=reinterpret pc=0x0000000002813748 method=java.util.regex.Pattern$BmpCharProperty.match(Ljava/util/regex/Matcher;ILjava/lang/CharSequence;)Z @ 34
Event: 3.410 Thread 0x00000000024a4800 Uncommon trap: reason=unstable_if action=reinterpret pc=0x0000000002988500 method=java.lang.Integer.parseInt(Ljava/lang/String;I)I @ 197
Event: 3.422 Thread 0x00000000024a4800 Uncommon trap: reason=unstable_if action=reinterpret pc=0x0000000002ab9e8c method=java.util.regex.Pattern$Ctype.isSatisfiedBy(I)Z @ 4
Event: 3.496 Thread 0x00000000024a4800 Uncommon trap: reason=unstable_if action=reinterpret pc=0x0000000002af0a74 method=com.sun.org.apache.xerces.internal.impl.XMLEntityScanner.checkBeforeLoad(Lcom/sun/xml/internal/stream/Entity$ScannedEntity;II)I @ 18
Event: 3.578 Thread 0x00000000024a4800 Uncommon trap: reason=unstable_if action=reinterpret pc=0x0000000002b3e7ac method=com.sun.org.apache.xerces.internal.impl.XMLEntityScanner.scanContent(Lcom/sun/org/apache/xerces/internal/xni/XMLString;)I @ 44
Event: 3.586 Thread 0x00000000024a4800 Uncommon trap: reason=unstable_if action=reinterpret pc=0x0000000002adbdcc method=java.lang.AbstractStringBuilder.append(Ljava/lang/CharSequence;)Ljava/lang/AbstractStringBuilder; @ 13

Classes redefined (0 events):
No events

Internal exceptions (10 events):
Event: 2.308 Thread 0x00000000024a4800 Implicit null exception at 0x000000000298bb18 to 0x000000000298bc5d
Event: 2.743 Thread 0x00000000024a4800 Exception <a 'java/lang/ClassNotFoundException': com/sun/org/glassfish/hk2/osgiresourcelocator/ServiceLoader> (0x00000000d6519030) thrown at [C:\Users\jenkins\workspace\openjdk8_build_x86-64_windows\openjdk\hotspot\src\share\vm\classfile\systemDictionary.
Event: 2.762 Thread 0x00000000024a4800 Exception <a 'java/lang/NullPointerException'> (0x00000000d6525cb8) thrown at [C:\Users\jenkins\workspace\openjdk8_build_x86-64_windows\openjdk\hotspot\src\share\vm\interpreter\linkResolver.cpp, line 1287]
Event: 2.873 Thread 0x00000000024a4800 Exception <a 'java/lang/ArrayIndexOutOfBoundsException'> (0x00000000d65e14d0) thrown at [C:\Users\jenkins\workspace\openjdk8_build_x86-64_windows\openjdk\hotspot\src\share\vm\runtime\sharedRuntime.cpp, line 605]
Event: 2.874 Thread 0x00000000024a4800 Exception <a 'java/lang/ArrayIndexOutOfBoundsException': 18> (0x00000000d65e2210) thrown at [C:\Users\jenkins\workspace\openjdk8_build_x86-64_windows\openjdk\hotspot\src\share\vm\interpreter\interpreterRuntime.cpp, line 366]
Event: 2.874 Thread 0x00000000024a4800 Exception <a 'java/lang/ArrayIndexOutOfBoundsException': 62> (0x00000000d65e3100) thrown at [C:\Users\jenkins\workspace\openjdk8_build_x86-64_windows\openjdk\hotspot\src\share\vm\interpreter\interpreterRuntime.cpp, line 366]
Event: 3.037 Thread 0x00000000024a4800 Implicit null exception at 0x0000000002815716 to 0x0000000002815aa9
Event: 3.320 Thread 0x00000000024a4800 Implicit null exception at 0x00000000027d5a56 to 0x00000000027d5de5
Event: 3.587 Thread 0x00000000024a4800 Exception <a 'sun/nio/fs/WindowsException'> (0x00000000d7041620) thrown at [C:\Users\jenkins\workspace\openjdk8_build_x86-64_windows\openjdk\hotspot\src\share\vm\prims\jni.cpp, line 709]
Event: 3.587 Thread 0x00000000024a4800 Exception <a 'sun/nio/fs/WindowsException'> (0x00000000d7041ae0) thrown at [C:\Users\jenkins\workspace\openjdk8_build_x86-64_windows\openjdk\hotspot\src\share\vm\prims\jni.cpp, line 709]

Events (10 events):
Event: 3.578 Thread 0x00000000024a4800 Uncommon trap: trap_request=0xffffff65 fr.pc=0x0000000002b3e7ac
Event: 3.578 Thread 0x00000000024a4800 DEOPT PACKING pc=0x0000000002b3e7ac sp=0x00000000023de6a0
Event: 3.578 Thread 0x00000000024a4800 DEOPT UNPACKING pc=0x00000000025e557b sp=0x00000000023de648 mode 2
Event: 3.586 Thread 0x00000000024a4800 Uncommon trap: trap_request=0xffffff65 fr.pc=0x0000000002adbdcc
Event: 3.586 Thread 0x00000000024a4800 DEOPT PACKING pc=0x0000000002adbdcc sp=0x00000000023de5a0
Event: 3.586 Thread 0x00000000024a4800 DEOPT UNPACKING pc=0x00000000025e557b sp=0x00000000023de5a8 mode 2
Event: 3.587 loading class com/android/repository/api/ProgressIndicator
Event: 3.587 loading class com/android/repository/api/ProgressIndicator done
Event: 3.588 loading class com/google/common/collect/Collections2
Event: 3.588 loading class com/google/common/collect/Collections2 done


Dynamic libraries:
0x00007ff70da80000 - 0x00007ff70dab5000 	C:\Program Files\Unity\Hub\Editor\2019.2.17f1\Editor\Data\PlaybackEngines\AndroidPlayer\Tools\OpenJDK\Windows\bin\java.exe
0x00007fff27ba0000 - 0x00007fff27d90000 	C:\WINDOWS\SYSTEM32\ntdll.dll
0x00007fff00300000 - 0x00007fff00315000 	C:\Program Files\AVAST Software\Avast\aswhook.dll
0x00007fff27540000 - 0x00007fff275f2000 	C:\WINDOWS\System32\KERNEL32.DLL
0x00007fff24f30000 - 0x00007fff251d3000 	C:\WINDOWS\System32\KERNELBASE.dll
0x00007fff27470000 - 0x00007fff27513000 	C:\WINDOWS\System32\ADVAPI32.dll
0x00007fff279c0000 - 0x00007fff27a5e000 	C:\WINDOWS\System32\msvcrt.dll
0x00007fff27ac0000 - 0x00007fff27b57000 	C:\WINDOWS\System32\sechost.dll
0x00007fff27320000 - 0x00007fff27440000 	C:\WINDOWS\System32\RPCRT4.dll
0x00007fff27180000 - 0x00007fff27314000 	C:\WINDOWS\System32\USER32.dll
0x00007fff24d50000 - 0x00007fff24d71000 	C:\WINDOWS\System32\win32u.dll
0x00007fff27440000 - 0x00007fff27466000 	C:\WINDOWS\System32\GDI32.dll
0x00007fff24bb0000 - 0x00007fff24d44000 	C:\WINDOWS\System32\gdi32full.dll
0x00007fff25bb0000 - 0x00007fff25c4e000 	C:\WINDOWS\System32\msvcp_win.dll
0x00007fff24d80000 - 0x00007fff24e7a000 	C:\WINDOWS\System32\ucrtbase.dll
0x00007fff17c80000 - 0x00007fff17f05000 	C:\WINDOWS\WinSxS\amd64_microsoft.windows.common-controls_6595b64144ccf1df_6.0.18362.657_none_e6c5b579130e3898\COMCTL32.dll
0x00007fff25da0000 - 0x00007fff260d6000 	C:\WINDOWS\System32\combase.dll
0x00007fff25330000 - 0x00007fff253b0000 	C:\WINDOWS\System32\bcryptPrimitives.dll
0x00007fff26140000 - 0x00007fff2616e000 	C:\WINDOWS\System32\IMM32.DLL
0x0000000054000000 - 0x00000000540d2000 	C:\Program Files\Unity\Hub\Editor\2019.2.17f1\Editor\Data\PlaybackEngines\AndroidPlayer\Tools\OpenJDK\Windows\jre\bin\msvcr100.dll
0x00000000537b0000 - 0x0000000053ff9000 	C:\Program Files\Unity\Hub\Editor\2019.2.17f1\Editor\Data\PlaybackEngines\AndroidPlayer\Tools\OpenJDK\Windows\jre\bin\server\jvm.dll
0x00007fff27600000 - 0x00007fff27608000 	C:\WINDOWS\System32\PSAPI.DLL
0x00007fff179a0000 - 0x00007fff179a9000 	C:\WINDOWS\SYSTEM32\WSOCK32.dll
0x00007fff27610000 - 0x00007fff2767f000 	C:\WINDOWS\System32\WS2_32.dll
0x00007fff22a20000 - 0x00007fff22a44000 	C:\WINDOWS\SYSTEM32\WINMM.dll
0x00007fff1f660000 - 0x00007fff1f66a000 	C:\WINDOWS\SYSTEM32\VERSION.dll
0x00007fff229c0000 - 0x00007fff229ed000 	C:\WINDOWS\SYSTEM32\WINMMBASE.dll
0x00007fff24b30000 - 0x00007fff24b7a000 	C:\WINDOWS\System32\cfgmgr32.dll
0x00007ffefef60000 - 0x00007ffefef6f000 	C:\Program Files\Unity\Hub\Editor\2019.2.17f1\Editor\Data\PlaybackEngines\AndroidPlayer\Tools\OpenJDK\Windows\jre\bin\verify.dll
0x00007ffef9660000 - 0x00007ffef9689000 	C:\Program Files\Unity\Hub\Editor\2019.2.17f1\Editor\Data\PlaybackEngines\AndroidPlayer\Tools\OpenJDK\Windows\jre\bin\java.dll
0x00007ffefc6d0000 - 0x00007ffefc6e6000 	C:\Program Files\Unity\Hub\Editor\2019.2.17f1\Editor\Data\PlaybackEngines\AndroidPlayer\Tools\OpenJDK\Windows\jre\bin\zip.dll
0x00007fff26a30000 - 0x00007fff27115000 	C:\WINDOWS\System32\SHELL32.dll
0x00007fff27860000 - 0x00007fff27909000 	C:\WINDOWS\System32\shcore.dll
0x00007fff25430000 - 0x00007fff25baf000 	C:\WINDOWS\System32\windows.storage.dll
0x00007fff24b10000 - 0x00007fff24b2f000 	C:\WINDOWS\System32\profapi.dll
0x00007fff24ac0000 - 0x00007fff24b0a000 	C:\WINDOWS\System32\powrprof.dll
0x00007fff24a70000 - 0x00007fff24a80000 	C:\WINDOWS\System32\UMPDC.dll
0x00007fff260e0000 - 0x00007fff26132000 	C:\WINDOWS\System32\shlwapi.dll
0x00007fff24aa0000 - 0x00007fff24ab1000 	C:\WINDOWS\System32\kernel.appcore.dll
0x00007fff253b0000 - 0x00007fff253c7000 	C:\WINDOWS\System32\cryptsp.dll
0x00007ffef8640000 - 0x00007ffef865a000 	C:\Program Files\Unity\Hub\Editor\2019.2.17f1\Editor\Data\PlaybackEngines\AndroidPlayer\Tools\OpenJDK\Windows\jre\bin\net.dll
0x00007fff24280000 - 0x00007fff242e7000 	C:\WINDOWS\system32\mswsock.dll
0x00007ffef8620000 - 0x00007ffef8631000 	C:\Program Files\Unity\Hub\Editor\2019.2.17f1\Editor\Data\PlaybackEngines\AndroidPlayer\Tools\OpenJDK\Windows\jre\bin\nio.dll
0x00007ffef85f0000 - 0x00007ffef8614000 	C:\Program Files\Unity\Hub\Editor\2019.2.17f1\Editor\Data\PlaybackEngines\AndroidPlayer\Tools\OpenJDK\Windows\jre\bin\sunec.dll
0x00007fff23df0000 - 0x00007fff23e23000 	C:\WINDOWS\system32\rsaenh.dll
0x00007fff24b80000 - 0x00007fff24ba6000 	C:\WINDOWS\System32\bcrypt.dll
0x00007fff24990000 - 0x00007fff249b5000 	C:\WINDOWS\SYSTEM32\USERENV.dll
0x00007fff24450000 - 0x00007fff2445c000 	C:\WINDOWS\SYSTEM32\CRYPTBASE.dll
0x00007fff23f90000 - 0x00007fff23fca000 	C:\WINDOWS\SYSTEM32\IPHLPAPI.DLL
0x00007fff27700000 - 0x00007fff27708000 	C:\WINDOWS\System32\NSI.dll
0x00007fff1eb30000 - 0x00007fff1eb46000 	C:\WINDOWS\SYSTEM32\dhcpcsvc6.DLL
0x00007fff1f080000 - 0x00007fff1f09c000 	C:\WINDOWS\SYSTEM32\dhcpcsvc.DLL
0x00007fff23fd0000 - 0x00007fff2409a000 	C:\WINDOWS\SYSTEM32\DNSAPI.dll
0x00007ffef9d70000 - 0x00007ffef9d7b000 	C:\Program Files\Unity\Hub\Editor\2019.2.17f1\Editor\Data\PlaybackEngines\AndroidPlayer\Tools\OpenJDK\Windows\jre\bin\sunmscapi.dll
0x00007fff251e0000 - 0x00007fff25329000 	C:\WINDOWS\System32\CRYPT32.dll
0x00007fff24a80000 - 0x00007fff24a92000 	C:\WINDOWS\System32\MSASN1.dll
0x00007fff174a0000 - 0x00007fff174aa000 	C:\Windows\System32\rasadhlp.dll
0x00007fff1dcc0000 - 0x00007fff1dd37000 	C:\WINDOWS\System32\fwpuclnt.dll

VM Arguments:
jvm_args: -Dcom.android.sdklib.toolsdir=C:\Program Files\Unity\Hub\Editor\2019.2.17f1\Editor\Data\PlaybackEngines\AndroidPlayer\SDK\tools\bin\\.. 
java_command: com.android.sdklib.tool.sdkmanager.SdkManagerCli --list
java_class_path (initial): C:\Program Files\Unity\Hub\Editor\2019.2.17f1\Editor\Data\PlaybackEngines\AndroidPlayer\SDK\tools\bin\..\lib\dvlib-26.0.0-dev.jar;C:\Program Files\Unity\Hub\Editor\2019.2.17f1\Editor\Data\PlaybackEngines\AndroidPlayer\SDK\tools\bin\..\lib\jimfs-1.1.jar;C:\Program Files\Unity\Hub\Editor\2019.2.17f1\Editor\Data\PlaybackEngines\AndroidPlayer\SDK\tools\bin\..\lib\jsr305-1.3.9.jar;C:\Program Files\Unity\Hub\Editor\2019.2.17f1\Editor\Data\PlaybackEngines\AndroidPlayer\SDK\tools\bin\..\lib\repository-26.0.0-dev.jar;C:\Program Files\Unity\Hub\Editor\2019.2.17f1\Editor\Data\PlaybackEngines\AndroidPlayer\SDK\tools\bin\..\lib\j2objc-annotations-1.1.jar;C:\Program Files\Unity\Hub\Editor\2019.2.17f1\Editor\Data\PlaybackEngines\AndroidPlayer\SDK\tools\bin\..\lib\layoutlib-api-26.0.0-dev.jar;C:\Program Files\Unity\Hub\Editor\2019.2.17f1\Editor\Data\PlaybackEngines\AndroidPlayer\SDK\tools\bin\..\lib\gson-2.3.jar;C:\Program Files\Unity\Hub\Editor\2019.2.17f1\Editor\Data\PlaybackEngines\AndroidPlayer\SDK\tools\bin\..\lib\httpcore-4.2.5.jar;C:\Program Files\Unity\Hub\Editor\2019.2.17f1\Editor\Data\PlaybackEngines\AndroidPlayer\SDK\tools\bin\..\lib\commons-logging-1.1.1.jar;C:\Program Files\Unity\Hub\Editor\2019.2.17f1\Editor\Data\PlaybackEngines\AndroidPlayer\SDK\tools\bin\..\lib\commons-compress-1.12.jar;C:\Program Files\Unity\Hub\Editor\2019.2.17f1\Editor\Data\PlaybackEngines\AndroidPlayer\SDK\tools\bin\..\lib\annotations-26.0.0-dev.jar;C:\Program Files\Unity\Hub\Editor\2019.2.17f1\Editor\Data\PlaybackEngines\AndroidPlayer\SDK\tools\bin\..\lib\error_prone_annotations-2.0.18.jar;C:\Program Files\Unity\Hub\Editor\2019.2.17f1\Editor\Data\PlaybackEngines\AndroidPlayer\SDK\tools\bin\..\lib\animal-sniffer-annotations-1.14.jar;C:\Program Files\Unity\Hub\Editor\2019.2.17f1\Editor\Data\PlaybackEngines\AndroidPlayer\SDK\tools\bin\..\lib\httpclient-4.2.6.jar;C:\Program Files\Unity\Hub\Editor\2019.2.17f1\Editor\Data\PlaybackEngines\AndroidPlayer\SDK\tools\bin\..\lib
Launcher Type: SUN_STANDARD

Environment Variables:
JAVA_HOME=C:/Program Files/Unity/Hub/Editor/2019.2.17f1/Editor/Data/PlaybackEngines/AndroidPlayer/Tools\OpenJDK\Windows
PATH=C:\Program Files (x86)\Common Files\Oracle\Java\javapath;C:\Program Files (x86)\Intel\iCLS Client\;C:\Program Files\Intel\iCLS Client\;C:\WINDOWS\system32;C:\WINDOWS;C:\WINDOWS\System32\Wbem;C:\WINDOWS\System32\WindowsPowerShell\v1.0\;C:\Program Files (x86)\Intel\Intel(R) Management Engine Components\DAL;C:\Program Files\Intel\Intel(R) Management Engine Components\DAL;C:\Program Files (x86)\Intel\Intel(R) Management Engine Components\IPT;C:\Program Files\Intel\Intel(R) Management Engine Components\IPT;C:\Program Files\7-Zip;C:\Program Files (x86)\GtkSharp\2.12\bin;C:\Program Files\Microsoft SQL Server\130\Tools\Binn\;C:\Program Files\dotnet\;C:\WINDOWS\System32\OpenSSH\;C:\Program Files\Microsoft SQL Server\Client SDK\ODBC\130\Tools\Binn\;C:\Program Files (x86)\Microsoft SQL Server\140\Tools\Binn\;C:\Program Files\Microsoft SQL Server\140\Tools\Binn\;C:\Program Files\Microsoft SQL Server\140\DTS\Binn\;C:\Program Files (x86)\NVIDIA Corporation\PhysX\Common;C:\Program Files\Git\cmd;C:\WINDOWS\system32;C:\WINDOWS;C:\WINDOWS\System32\Wbem;C:\WINDOWS\System32\WindowsPowerShell\v1.0\;C:\WINDOWS\System32\OpenSSH\;C:\Program Files\Microsoft SQL Server\Client SDK\ODBC\170\Tools\Binn\;C:\Program Files\NVIDIA Corporation\NVIDIA NvDLISR;C:\Program Files (x86)\Yarn\bin\;C:\Program Files\nodejs\;C:\Users\Arflee\AppData\Local\Microsoft\WindowsApps;F:\Program Files\Microsoft VS Code\bin;C:\Program Files (x86)\Microsoft VS Code\bin;C:\Users\Arflee\AppData\Local\GitHubDesktop\bin;C:\Users\Arflee\.dotnet\tools;C:\Users\Arflee\AppData\Local\Microsoft\WindowsApps;G:\Herna\JetBrains Rider 2019\JetBrains Rider 2019.1.1\bin;;C:\Users\Arflee\AppData\Local\Yarn\bin;G:\Herna\IntelliJ IDEA 2019\IntelliJ IDEA 2019.2\bin;;G:\Herna\JetBrains Webstorm 2019\WebStorm 2019.2\bin;;F:\Microsoft VS Code\bin;C:\Users\Arflee\AppData\Local\Yarn\Data\global;C:\Users\Arflee\AppData\Roaming\npm
USERNAME=Arflee
OS=Windows_NT
PROCESSOR_IDENTIFIER=Intel64 Family 6 Model 158 Stepping 9, GenuineIntel



---------------  S Y S T E M  ---------------

OS: Windows 10.0 , 64 bit Build 18362 (10.0.18362.329)

CPU:total 4 (initial active 4) (4 cores per cpu, 1 threads per core) family 6 model 158 stepping 9, cmov, cx8, fxsr, mmx, sse, sse2, sse3, ssse3, sse4.1, sse4.2, popcnt, avx, avx2, aes, clmul, erms, 3dnowpref, lzcnt, tsc, tscinvbit, bmi1, bmi2, adx

Memory: 4k page, physical 8351888k(1114580k free), swap 10449040k(9360k free)

vm_info: OpenJDK 64-Bit Server VM (25.71-b00) for windows-amd64 JRE (1.8.0-adoptopenjdk-_2018_05_19_00_59-b00), built on May 19 2018 01:02:12 by "jenkins" with MS VC++ 10.0 (VS2010)

time: Mon Mar 02 21:04:44 2020
elapsed time: 3 seconds (0d 0h 0m 3s)

